<?xml version="1.0" encoding="UTF-8"?>
<Site BuildName="Linux-aarch64-linux-gnu-g++-10"
	BuildStamp="20240418-1408-Experimental"
	Name="bernard"
	Generator="ctest-3.27.5"
	CompilerName="/usr/bin/aarch64-linux-gnu-g++-10"
	CompilerVersion="10.5.0"
	OSName="Linux"
	Hostname="bernard"
	OSRelease="5.10.120-tegra"
	OSVersion="#1 SMP PREEMPT Tue Aug 1 12:32:50 PDT 2023"
	OSPlatform="aarch64"
	Is64Bits="1"
	VendorString=""
	VendorID="Unknown Manufacturer"
	FamilyID="8"
	ModelID="0"
	ProcessorCacheSize="0"
	NumberOfLogicalCPU="12"
	NumberOfPhysicalCPU="1"
	TotalVirtualMemory="31400"
	TotalPhysicalMemory="62800"
	LogicalProcessorsPerPhysical="12"
	ProcessorClockFrequency="0"
	>
	<Testing>
		<StartDateTime>Apr 18 19:02 CEST</StartDateTime>
		<StartTestTime>1713459722</StartTestTime>
		<TestList>
			<Test>./test/ClassVector3Test.Constructor</Test>
		</TestList>
		<Test Status="passed">
			<Name>ClassVector3Test.Constructor</Name>
			<Path>./test</Path>
			<FullName>./test/ClassVector3Test.Constructor</FullName>
			<FullCommandLine>/ssd/dev/transformation_course/build/bin/aml_vector_3_test "--gtest_filter=ClassVector3Test.Constructor" "--gtest_also_run_disabled_tests"</FullCommandLine>
			<Results>
				<NamedMeasurement type="numeric/double" name="Execution Time">
					<Value>0.00347088</Value>
				</NamedMeasurement>
				<NamedMeasurement type="numeric/double" name="Processors">
					<Value>1</Value>
				</NamedMeasurement>
				<NamedMeasurement type="text/string" name="Completion Status">
					<Value>Completed</Value>
				</NamedMeasurement>
				<NamedMeasurement type="text/string" name="Command Line">
					<Value>/ssd/dev/transformation_course/build/bin/aml_vector_3_test "--gtest_filter=ClassVector3Test.Constructor" "--gtest_also_run_disabled_tests"</Value>
				</NamedMeasurement>
				<NamedMeasurement type="text/string" name="Environment">
					<Value>#CTEST_RESOURCE_GROUP_COUNT=</Value>
				</NamedMeasurement>
				<Measurement>
					<Value encoding="base64" compression="gzip">eJyNUU1rwzAMvftX6NgcEm/sNuhhdKOHQTfSbZcQgpsoweBYxZK7v798lNIWRvtOkt/z85OcR++t76A31i8SaAP1oJkb3eBBSzCeWwq9EUu+qikGRr2L1jW6anDPuiPqHAqypBzqs1ZP7VhVo3VW12pDgs+wniTwNTDQWicYYAkrZ5h/sBYKTyOTrcizhDgeqGJ5Qgn5Me8jyOQw5j3WHK1gpor0hBLWjnbGzTz6gw3ke/SDFiWN+yvxued1IlVA/r2BCeWNvLMKPt5vKGHxAD0n94eYL4CQGJeo+yYVNCFt6Ndf7vG//cHw5dnlO8M8ny/b7dvrOPmszdQf6xa6cg==</Value>
				</Measurement>
			</Results>
		</Test>
		<EndDateTime>Apr 18 19:02 CEST</EndDateTime>
		<EndTestTime>1713459722</EndTestTime>
		<ElapsedMinutes>0</ElapsedMinutes>
	</Testing>
</Site>
